<?xml version="1.0" encoding="UTF-8"?>
<!-- Generated by org.testng.reporters.JUnitReportReporter -->
<testsuite hostname="LAPTOP-HAVD9G37" failures="0" tests="1" name="TestPack.TestNGClass" time="0.032" errors="0" timestamp="2022-05-18T23:45:18 IST" skipped="0">
  <testcase classname="TestPack.TestNGClass" name="test" time="0.032"/>
  <system-out/>
</testsuite> <!-- TestPack.TestNGClass -->
